<?xml version="1.0" encoding="UTF-8"?>
<!-- Generated by org.testng.reporters.JUnitReportReporter -->
<testsuite hostname="home-laptop" failures="0" tests="4" name="com.webbanking.testcases.TC_AccountPage" time="88.472" errors="0" timestamp="2022-12-19T23:01:24 IST" skipped="0">
  <testcase classname="com.webbanking.testcases.TC_AccountPage" name="depositTest" time="14.926"/>
  <system-out/>
  <testcase classname="com.webbanking.testcases.TC_AccountPage" name="depositTest" time="27.086"/>
  <system-out/>
  <testcase classname="com.webbanking.testcases.TC_AccountPage" name="withdrawalTest" time="30.794"/>
  <system-out/>
  <testcase classname="com.webbanking.testcases.TC_AccountPage" name="withdrawalTest" time="15.666"/>
  <system-out/>
</testsuite> <!-- com.webbanking.testcases.TC_AccountPage -->
