<?xml version="1.0" encoding="UTF-8"?>
<!-- Generated by org.testng.reporters.JUnitReportReporter -->
<testsuite hostname="home-laptop" failures="0" tests="1" name="com.webbanking.testcases.temp" time="14.820" errors="0" timestamp="2022-12-16T21:01:29 IST" skipped="0">
  <testcase classname="com.webbanking.testcases.temp" name="temps" time="14.820"/>
  <system-out/>
</testsuite> <!-- com.webbanking.testcases.temp -->
