<?xml version="1.0" encoding="UTF-8"?>
<!-- Generated by org.testng.reporters.JUnitReportReporter -->
<testsuite hostname="home-laptop" failures="0" tests="2" name="com.webbanking.testcases.TC_TransactionDetailsPage" time="47.959" errors="0" timestamp="2022-12-19T23:01:24 IST" skipped="0">
  <testcase classname="com.webbanking.testcases.TC_TransactionDetailsPage" name="verifyTransactionDetailsTest" time="17.718"/>
  <system-out/>
  <testcase classname="com.webbanking.testcases.TC_TransactionDetailsPage" name="verifyTransactionDetailsTest" time="30.241"/>
  <system-out/>
</testsuite> <!-- com.webbanking.testcases.TC_TransactionDetailsPage -->
