<?xml version="1.0" encoding="UTF-8"?>
<!-- Generated by org.testng.reporters.JUnitReportReporter -->
<testsuite hostname="home-laptop" failures="0" tests="2" name="com.webbanking.testcases.TC_EndToEnd" time="62.921" errors="0" timestamp="2022-12-19T23:01:24 IST" skipped="0">
  <testcase classname="com.webbanking.testcases.TC_EndToEnd" name="endToendTest" time="25.780"/>
  <system-out/>
  <testcase classname="com.webbanking.testcases.TC_EndToEnd" name="endToendTest" time="37.141"/>
  <system-out/>
</testsuite> <!-- com.webbanking.testcases.TC_EndToEnd -->
