<?xml version="1.0" encoding="UTF-8"?>
<!-- Generated by org.testng.reporters.JUnitReportReporter -->
<testsuite hostname="home-laptop" failures="0" tests="2" name="com.webbanking.testcases.TC_CustomerPage" time="38.433" errors="0" timestamp="2022-12-19T23:01:24 IST" skipped="0">
  <testcase classname="com.webbanking.testcases.TC_CustomerPage" name="customerLoginTest" time="26.911"/>
  <system-out/>
  <testcase classname="com.webbanking.testcases.TC_CustomerPage" name="customerLoginTest" time="11.522"/>
  <system-out/>
</testsuite> <!-- com.webbanking.testcases.TC_CustomerPage -->
