<?xml version="1.0" encoding="UTF-8"?>
<!-- Generated by org.testng.reporters.JUnitReportReporter -->
<testsuite hostname="home-laptop" failures="0" tests="1" name="com.webbanking.testcases.NewTemp" time="24.918" errors="0" timestamp="2022-12-19T19:59:46 IST" skipped="0">
  <testcase classname="com.webbanking.testcases.NewTemp" name="f" time="24.918"/>
  <system-out/>
</testsuite> <!-- com.webbanking.testcases.NewTemp -->
