<?xml version="1.0" encoding="UTF-8"?>
<!-- Generated by org.testng.reporters.JUnitReportReporter -->
<testsuite hostname="home-laptop" failures="0" tests="5" name="com.webbanking.testcases.DDT_CustomerPage" time="63.221" errors="0" timestamp="2022-12-11T00:30:50 IST" skipped="0">
  <testcase classname="com.webbanking.testcases.DDT_CustomerPage" name="ddtLoginTest" time="12.379"/>
  <system-out/>
  <testcase classname="com.webbanking.testcases.DDT_CustomerPage" name="ddtLoginTest" time="12.694"/>
  <system-out/>
  <testcase classname="com.webbanking.testcases.DDT_CustomerPage" name="ddtLoginTest" time="12.432"/>
  <system-out/>
  <testcase classname="com.webbanking.testcases.DDT_CustomerPage" name="ddtLoginTest" time="12.127"/>
  <system-out/>
  <testcase classname="com.webbanking.testcases.DDT_CustomerPage" name="ddtLoginTest" time="13.589"/>
  <system-out/>
</testsuite> <!-- com.webbanking.testcases.DDT_CustomerPage -->
