<?xml version="1.0" encoding="UTF-8"?>
<!-- Generated by org.testng.reporters.JUnitReportReporter -->
<testsuite hostname="home-laptop" failures="0" tests="6" name="com.webbanking.testcases.TC_ManagerPage" time="120.030" errors="0" timestamp="2022-12-19T23:01:24 IST" skipped="0">
  <testcase classname="com.webbanking.testcases.TC_ManagerPage" name="isAddCustomerBtnDisplayedTest" time="27.056"/>
  <system-out/>
  <testcase classname="com.webbanking.testcases.TC_ManagerPage" name="isAddCustomerBtnDisplayedTest" time="12.904"/>
  <system-out/>
  <testcase classname="com.webbanking.testcases.TC_ManagerPage" name="isOpenAccountBtnDisplayedTest" time="10.014"/>
  <system-out/>
  <testcase classname="com.webbanking.testcases.TC_ManagerPage" name="isOpenAccountBtnDisplayedTest" time="28.867"/>
  <system-out/>
  <testcase classname="com.webbanking.testcases.TC_ManagerPage" name="isCustomersBtnDisplayedTest" time="28.889"/>
  <system-out/>
  <testcase classname="com.webbanking.testcases.TC_ManagerPage" name="isCustomersBtnDisplayedTest" time="12.300"/>
  <system-out/>
</testsuite> <!-- com.webbanking.testcases.TC_ManagerPage -->
