<?xml version="1.0" encoding="UTF-8"?>
<!-- Generated by org.testng.reporters.JUnitReportReporter -->
<testsuite hostname="home-laptop" failures="0" tests="2" name="com.webbanking.testcases.TC_OpenAccountPage" time="48.671" errors="0" timestamp="2022-12-19T23:01:24 IST" skipped="0">
  <testcase classname="com.webbanking.testcases.TC_OpenAccountPage" name="openAccountTest" time="17.402"/>
  <system-out/>
  <testcase classname="com.webbanking.testcases.TC_OpenAccountPage" name="openAccountTest" time="31.269"/>
  <system-out/>
</testsuite> <!-- com.webbanking.testcases.TC_OpenAccountPage -->
