<?xml version="1.0" encoding="UTF-8"?>
<!-- Generated by org.testng.reporters.JUnitReportReporter -->
<testsuite hostname="home-laptop" failures="0" tests="6" name="com.webbanking.testcases.TC_ManagerPage" time="78.806" errors="0" timestamp="2023-05-03T17:50:40 IST" skipped="0">
  <testcase classname="com.webbanking.testcases.TC_ManagerPage" name="addCustomerButtonDisplayTest" time="8.066"/>
  <system-out/>
  <testcase classname="com.webbanking.testcases.TC_ManagerPage" name="addCustomerButtonDisplayTest" time="16.947"/>
  <system-out/>
  <testcase classname="com.webbanking.testcases.TC_ManagerPage" name="openAccountButtonDisplayTest" time="19.914"/>
  <system-out/>
  <testcase classname="com.webbanking.testcases.TC_ManagerPage" name="openAccountButtonDisplayTest" time="7.022"/>
  <system-out/>
  <testcase classname="com.webbanking.testcases.TC_ManagerPage" name="customersButtonDisplayTest" time="7.008"/>
  <system-out/>
  <testcase classname="com.webbanking.testcases.TC_ManagerPage" name="customersButtonDisplayTest" time="19.849"/>
  <system-out/>
</testsuite> <!-- com.webbanking.testcases.TC_ManagerPage -->
