<?xml version="1.0" encoding="UTF-8"?>
<!-- Generated by org.testng.reporters.JUnitReportReporter -->
<testsuite hostname="home-laptop" failures="0" tests="4" name="com.webbanking.testcases.TC_AccountPage" time="61.647" errors="0" timestamp="2023-05-03T17:50:40 IST" skipped="0">
  <testcase classname="com.webbanking.testcases.TC_AccountPage" name="depositTest" time="9.595"/>
  <system-out/>
  <testcase classname="com.webbanking.testcases.TC_AccountPage" name="depositTest" time="18.019"/>
  <system-out/>
  <testcase classname="com.webbanking.testcases.TC_AccountPage" name="withdrawalTest" time="13.202"/>
  <system-out/>
  <testcase classname="com.webbanking.testcases.TC_AccountPage" name="withdrawalTest" time="20.831"/>
  <system-out/>
</testsuite> <!-- com.webbanking.testcases.TC_AccountPage -->
