<?xml version="1.0" encoding="UTF-8"?>
<!-- Generated by org.testng.reporters.JUnitReportReporter -->
<testsuite hostname="home-laptop" failures="0" tests="2" name="com.webbanking.testcases.TC_EndToEnd" time="37.558" errors="0" timestamp="2023-05-03T17:50:40 IST" skipped="0">
  <testcase classname="com.webbanking.testcases.TC_EndToEnd" name="endToendTest" time="22.447"/>
  <system-out/>
  <testcase classname="com.webbanking.testcases.TC_EndToEnd" name="endToendTest" time="15.111"/>
  <system-out/>
</testsuite> <!-- com.webbanking.testcases.TC_EndToEnd -->
