<?xml version="1.0" encoding="UTF-8"?>
<!-- Generated by org.testng.reporters.JUnitReportReporter -->
<testsuite hostname="home-laptop" failures="0" tests="2" name="com.webbanking.testcases.TC_AddCustomerPage" time="29.821" errors="0" timestamp="2023-05-03T17:50:40 IST" skipped="0">
  <testcase classname="com.webbanking.testcases.TC_AddCustomerPage" name="addCustomerTest" time="9.088"/>
  <system-out/>
  <testcase classname="com.webbanking.testcases.TC_AddCustomerPage" name="addCustomerTest" time="20.733"/>
  <system-out/>
</testsuite> <!-- com.webbanking.testcases.TC_AddCustomerPage -->
