<?xml version="1.0" encoding="UTF-8"?>
<!-- Generated by org.testng.reporters.JUnitReportReporter -->
<testsuite hostname="home-laptop" failures="0" tests="2" name="com.webbanking.testcases.TC_CustomerDetailsPage" time="56.407" errors="0" timestamp="2023-02-10T19:30:03 IST" skipped="0">
  <testcase classname="com.webbanking.testcases.TC_CustomerDetailsPage" name="verifyCustomerDetailsTest" time="17.105"/>
  <system-out/>
  <testcase classname="com.webbanking.testcases.TC_CustomerDetailsPage" name="deleteCustomerTest" time="39.302"/>
  <system-out/>
</testsuite> <!-- com.webbanking.testcases.TC_CustomerDetailsPage -->
