<?xml version="1.0" encoding="UTF-8"?>
<!-- Generated by org.testng.reporters.JUnitReportReporter -->
<testsuite hostname="home-laptop" failures="0" tests="1" name="com.webbanking.testcases.TC_EndToEnd" time="18.770" errors="0" timestamp="2023-02-10T19:30:03 IST" skipped="0">
  <testcase classname="com.webbanking.testcases.TC_EndToEnd" name="endToendTest" time="18.770"/>
  <system-out/>
</testsuite> <!-- com.webbanking.testcases.TC_EndToEnd -->
