<?xml version="1.0" encoding="UTF-8"?>
<!-- Generated by org.testng.reporters.JUnitReportReporter -->
<testsuite hostname="home-laptop" failures="0" tests="1" name="com.webbanking.testcases.TC_CustomerPage" time="9.532" errors="0" timestamp="2023-02-10T19:30:03 IST" skipped="0">
  <testcase classname="com.webbanking.testcases.TC_CustomerPage" name="customerLoginTest" time="9.532"/>
  <system-out/>
</testsuite> <!-- com.webbanking.testcases.TC_CustomerPage -->
