<?xml version="1.0" encoding="UTF-8"?>
<!-- Generated by org.testng.reporters.JUnitReportReporter -->
<testsuite hostname="home-laptop" failures="0" tests="3" name="com.webbanking.testcases.TC_ManagerPage" time="25.217" errors="0" timestamp="2023-02-10T19:30:03 IST" skipped="0">
  <testcase classname="com.webbanking.testcases.TC_ManagerPage" name="addCustomerButtonDisplayTest" time="7.743"/>
  <system-out/>
  <testcase classname="com.webbanking.testcases.TC_ManagerPage" name="openAccountButtonDisplayTest" time="8.204"/>
  <system-out/>
  <testcase classname="com.webbanking.testcases.TC_ManagerPage" name="customersButtonDisplayTest" time="9.270"/>
  <system-out/>
</testsuite> <!-- com.webbanking.testcases.TC_ManagerPage -->
