<?xml version="1.0" encoding="UTF-8"?>
<!-- Generated by org.testng.reporters.JUnitReportReporter -->
<testsuite hostname="home-laptop" failures="0" tests="2" name="com.webbanking.testcases.TC_CustomerPage" time="28.039" errors="0" timestamp="2023-05-03T17:50:40 IST" skipped="0">
  <testcase classname="com.webbanking.testcases.TC_CustomerPage" name="customerLoginTest" time="19.428"/>
  <system-out/>
  <testcase classname="com.webbanking.testcases.TC_CustomerPage" name="customerLoginTest" time="8.611"/>
  <system-out/>
</testsuite> <!-- com.webbanking.testcases.TC_CustomerPage -->
