<?xml version="1.0" encoding="UTF-8"?>
<!-- Generated by org.testng.reporters.JUnitReportReporter -->
<testsuite hostname="home-laptop" failures="0" tests="2" name="com.webbanking.testcases.TC_AccountPage" time="21.899" errors="0" timestamp="2023-02-10T19:30:03 IST" skipped="0">
  <testcase classname="com.webbanking.testcases.TC_AccountPage" name="depositTest" time="9.822"/>
  <system-out/>
  <testcase classname="com.webbanking.testcases.TC_AccountPage" name="withdrawalTest" time="12.077"/>
  <system-out/>
</testsuite> <!-- com.webbanking.testcases.TC_AccountPage -->
