<?xml version="1.0" encoding="UTF-8"?>
<!-- Generated by org.testng.reporters.JUnitReportReporter -->
<testsuite hostname="home-laptop" failures="0" tests="4" name="com.webbanking.testcases.TC_CustomerDetailsPage" time="131.103" errors="0" timestamp="2023-05-03T17:50:40 IST" skipped="0">
  <testcase classname="com.webbanking.testcases.TC_CustomerDetailsPage" name="verifyCustomerDetailsTest" time="21.667"/>
  <system-out/>
  <testcase classname="com.webbanking.testcases.TC_CustomerDetailsPage" name="verifyCustomerDetailsTest" time="50.497"/>
  <system-out/>
  <testcase classname="com.webbanking.testcases.TC_CustomerDetailsPage" name="deleteCustomerTest" time="24.834"/>
  <system-out/>
  <testcase classname="com.webbanking.testcases.TC_CustomerDetailsPage" name="deleteCustomerTest" time="34.105"/>
  <system-out/>
</testsuite> <!-- com.webbanking.testcases.TC_CustomerDetailsPage -->
