<?xml version="1.0" encoding="UTF-8"?>
<!-- Generated by org.testng.reporters.JUnitReportReporter -->
<testsuite hostname="home-laptop" failures="0" tests="2" name="com.webbanking.testcases.TC_TransactionDetailsPage" time="35.953" errors="0" timestamp="2023-05-03T17:50:40 IST" skipped="0">
  <testcase classname="com.webbanking.testcases.TC_TransactionDetailsPage" name="verifyTransactionDetailsTest" time="22.932"/>
  <system-out/>
  <testcase classname="com.webbanking.testcases.TC_TransactionDetailsPage" name="verifyTransactionDetailsTest" time="13.021"/>
  <system-out/>
</testsuite> <!-- com.webbanking.testcases.TC_TransactionDetailsPage -->
