<?xml version="1.0" encoding="UTF-8"?>
<!-- Generated by org.testng.reporters.JUnitReportReporter -->
<testsuite hostname="home-laptop" failures="0" tests="2" name="com.webbanking.testcases.TC_LoginPage" time="14.016" errors="0" timestamp="2023-02-10T19:30:03 IST" skipped="0">
  <testcase classname="com.webbanking.testcases.TC_LoginPage" name="customerLoginButtonDisplayTest" time="6.694"/>
  <system-out/>
  <testcase classname="com.webbanking.testcases.TC_LoginPage" name="managerLoginButtonDisplayTest" time="7.322"/>
  <system-out/>
</testsuite> <!-- com.webbanking.testcases.TC_LoginPage -->
