<?xml version="1.0" encoding="UTF-8"?>
<!-- Generated by org.testng.reporters.JUnitReportReporter -->
<testsuite hostname="home-laptop" failures="0" tests="1" name="com.webbanking.testcases.TC_OpenAccountPage" time="14.122" errors="0" timestamp="2023-02-10T19:30:03 IST" skipped="0">
  <testcase classname="com.webbanking.testcases.TC_OpenAccountPage" name="openAccountTest" time="14.122"/>
  <system-out/>
</testsuite> <!-- com.webbanking.testcases.TC_OpenAccountPage -->
