<?xml version="1.0" encoding="UTF-8"?>
<!-- Generated by org.testng.reporters.JUnitReportReporter -->
<testsuite hostname="home-laptop" failures="0" tests="4" name="com.webbanking.testcases.TC_LoginPage" time="89.752" errors="0" timestamp="2023-05-03T17:50:40 IST" skipped="0">
  <testcase classname="com.webbanking.testcases.TC_LoginPage" name="customerLoginButtonDisplayTest" time="47.207"/>
  <system-out/>
  <testcase classname="com.webbanking.testcases.TC_LoginPage" name="customerLoginButtonDisplayTest" time="16.103"/>
  <system-out/>
  <testcase classname="com.webbanking.testcases.TC_LoginPage" name="managerLoginButtonDisplayTest" time="8.531"/>
  <system-out/>
  <testcase classname="com.webbanking.testcases.TC_LoginPage" name="managerLoginButtonDisplayTest" time="17.911"/>
  <system-out/>
</testsuite> <!-- com.webbanking.testcases.TC_LoginPage -->
